[debug] [2023-10-31T05:47:03.042Z] ----------------------------------------------------------------------
[debug] [2023-10-31T05:47:03.045Z] Command:       D:\Program Files\Nodejs\node.exe G:\web_projects\radiance_questionaire\api\node_modules\firebase-tools\lib\bin\firebase.js init functions
[debug] [2023-10-31T05:47:03.046Z] CLI Version:   12.7.0
[debug] [2023-10-31T05:47:03.046Z] Platform:      win32
[debug] [2023-10-31T05:47:03.047Z] Node Version:  v20.9.0
[debug] [2023-10-31T05:47:03.047Z] Time:          Tue Oct 31 2023 11:17:03 GMT+0530 (India Standard Time)
[debug] [2023-10-31T05:47:03.047Z] ----------------------------------------------------------------------
[debug] 
[debug] [2023-10-31T05:47:03.056Z] > command requires scopes: ["email","openid","https://www.googleapis.com/auth/cloudplatformprojects.readonly","https://www.googleapis.com/auth/firebase","https://www.googleapis.com/auth/cloud-platform"]
[debug] [2023-10-31T05:47:03.056Z] > authorizing via signed-in user (hbmnbandaranayake9988033@gmail.com)
[info] 
     ######## #### ########  ######## ########     ###     ######  ########
     ##        ##  ##     ## ##       ##     ##  ##   ##  ##       ##
     ######    ##  ########  ######   ########  #########  ######  ######
     ##        ##  ##    ##  ##       ##     ## ##     ##       ## ##
     ##       #### ##     ## ######## ########  ##     ##  ######  ########

You're about to initialize a Firebase project in this directory:

  G:\web_projects\radiance_questionaire\api

[info] 
=== Project Setup
[info] 
[info] First, let's associate this project directory with a Firebase project.
[info] You can create multiple project aliases by running firebase use --add, 
[info] but for now we'll just set up a default project.
[info] 
[info] i  If you want to create a project in a Google Cloud organization or folder, please use "firebase projects:create" instead, and return to this command when you've created the project. 
[debug] [2023-10-31T05:47:30.020Z] >>> [apiv2][query] POST https://cloudresourcemanager.googleapis.com/v1/projects [none]
[debug] [2023-10-31T05:47:30.021Z] >>> [apiv2][body] POST https://cloudresourcemanager.googleapis.com/v1/projects {"projectId":"MSA_contest_api","name":"MSA_contest_api"}
[debug] [2023-10-31T05:47:31.677Z] <<< [apiv2][status] POST https://cloudresourcemanager.googleapis.com/v1/projects 400
[debug] [2023-10-31T05:47:31.678Z] <<< [apiv2][body] POST https://cloudresourcemanager.googleapis.com/v1/projects {"error":{"code":400,"message":"Request contains an invalid argument.","status":"INVALID_ARGUMENT","details":[{"@type":"type.googleapis.com/google.rpc.BadRequest","fieldViolations":[{"field":"project_id","description":"project_id contains invalid characters"},{"field":"display_name","description":"project display name contains invalid characters"}]},{"@type":"type.googleapis.com/google.rpc.Help","links":[{"url":"https://cloud.google.com/resource-manager/reference/rest/v1/projects"}]}]}}
[debug] [2023-10-31T05:47:32.052Z] FirebaseError: HTTP Error: 400, Request contains an invalid argument.
    at responseToError (G:\web_projects\radiance_questionaire\api\node_modules\firebase-tools\lib\responseToError.js:49:12)
    at RetryOperation._fn (G:\web_projects\radiance_questionaire\api\node_modules\firebase-tools\lib\apiv2.js:285:77)
    at process.processTicksAndRejections (node:internal/process/task_queues:95:5)
[error] 
[error] Error: Failed to create project. See firebase-debug.log for more info.
